2024-02-05 14:29:06,533 INFO =====> Optimising param set 0 for 100 epochs for 2 random seeds.
2024-02-05 14:29:06,533 INFO =====> Loss config: {'exponential_distance': True, 'averaging_loss': False, 'point_distance_rs_loss': False, 'point_distance_sr_loss': False, 'down_sample_voxel_size': 0.005, 'particle_distance_rs_loss': False, 'particle_distance_sr_loss': False, 'voxelise_res': 1080, 'ptcl_density': 40000000.0, 'load_height_map': True, 'height_map_loss': False, 'height_map_res': 32, 'height_map_size': 0.11, 'emd_point_distance_loss': True, 'emd_particle_distance_loss': False}
2024-02-05 14:29:06,533 INFO =====> Training config: {'param_set': 0, 'lr_E': 4000.0, 'lr_nu': 0.01, 'lr_yield_stress': 500.0, 'lr_rho': 10, 'lr_manipulator_friction': 0.01, 'lr_ground_friction': 0.01, 'batch_size': 20, 'n_epoch': 100, 'seeds': [0, 1]}
2024-02-05 14:29:06,536 INFO =====> Seed: 0, initial parameters: E=[169155.92], nu=[0.3532909], yield_stress=[12452.504], rho=[1544.8832]
2024-02-05 14:29:07,148 INFO =====> Computing: epoch 0, motion 1, agent rectangle, data 3
2024-02-05 14:29:07,149 INFO ===> New TaichiEnv created.
2024-02-05 14:29:07,149 INFO ===> Specifications: horizon = 87, dt = 0.01, n_substeps = 50, dt_sub = 0.0002
2024-02-05 14:29:44,981 INFO =====> Total loss: 3543.59912109375
2024-02-05 14:29:44,981 INFO =====> Grad: [-1.4537478e-04  7.6294785e+01  2.2164038e-03 -1.9613022e-03
  2.1122091e+01 -3.4452755e-02]
2024-02-05 14:29:45,662 INFO =====> Computing: epoch 0, motion 1, agent rectangle, data 5
2024-02-05 14:29:45,663 INFO ===> New TaichiEnv created.
2024-02-05 14:29:45,663 INFO ===> Specifications: horizon = 87, dt = 0.01, n_substeps = 50, dt_sub = 0.0002
2024-02-05 14:30:18,609 INFO =====> Total loss: 3479.433837890625
2024-02-05 14:30:18,609 INFO =====> Grad: [-2.3775121e-04 -3.2378914e+01  2.9540146e-03  2.2110625e-03
  2.7104000e+01 -3.2495156e-01]
2024-02-05 14:30:19,240 INFO =====> Computing: epoch 0, motion 1, agent round, data 0
2024-02-05 14:30:19,241 INFO ===> New TaichiEnv created.
2024-02-05 14:30:19,241 INFO ===> Specifications: horizon = 87, dt = 0.01, n_substeps = 50, dt_sub = 0.0002
2024-02-05 14:30:52,652 INFO =====> Total loss: 2828.06787109375
2024-02-05 14:30:52,652 INFO =====> Grad: [ 8.3762287e-05 -6.7747045e+00 -2.0293276e-04 -7.5524240e-03
  8.0476784e+01  3.8786644e-01]
2024-02-05 14:30:53,336 INFO =====> Computing: epoch 0, motion 1, agent round, data 1
2024-02-05 14:30:53,337 INFO ===> New TaichiEnv created.
2024-02-05 14:30:53,337 INFO ===> Specifications: horizon = 87, dt = 0.01, n_substeps = 50, dt_sub = 0.0002
2024-02-05 14:31:28,541 INFO =====> Total loss: 3025.273193359375
2024-02-05 14:31:28,541 INFO =====> Grad: [-1.1950864e-05 -4.2306301e+01 -6.5373862e-04  6.5638842e-03
  4.5279049e+01 -3.0565014e-05]
2024-02-05 14:31:29,183 INFO =====> Computing: epoch 0, motion 1, agent cylinder, data 1
2024-02-05 14:31:29,184 INFO ===> New TaichiEnv created.
2024-02-05 14:31:29,184 INFO ===> Specifications: horizon = 87, dt = 0.01, n_substeps = 50, dt_sub = 0.0002
2024-02-05 14:32:02,570 INFO =====> Total loss: 2847.26904296875
2024-02-05 14:32:02,571 INFO =====> Grad: [-1.2630876e-04 -1.4133327e+02  6.1760464e-04  8.8479379e-03
  8.5656296e+01  7.6352932e-02]
2024-02-05 14:32:03,222 INFO =====> Computing: epoch 0, motion 1, agent cylinder, data 2
2024-02-05 14:32:03,223 INFO ===> New TaichiEnv created.
2024-02-05 14:32:03,223 INFO ===> Specifications: horizon = 87, dt = 0.01, n_substeps = 50, dt_sub = 0.0002
2024-02-05 14:32:40,940 INFO =====> Total loss: 3272.283203125
2024-02-05 14:32:40,940 INFO =====> Grad: [ 1.8487926e-04 -6.8289467e+01 -2.0513595e-03 -3.7500013e-03
  2.1566538e+01 -1.1279859e-01]
2024-02-05 14:32:41,583 INFO =====> Computing: epoch 0, motion 2, agent rectangle, data 1
2024-02-05 14:32:41,584 INFO ===> New TaichiEnv created.
2024-02-05 14:32:41,584 INFO ===> Specifications: horizon = 94, dt = 0.01, n_substeps = 50, dt_sub = 0.0002
2024-02-05 14:33:20,493 INFO =====> Total loss: 3481.04248046875
2024-02-05 14:33:20,493 INFO =====> Grad: [ 1.58549883e-04 -1.30761213e+01  3.81156249e-04 -2.04568636e-02
 -2.47128887e+01 -1.12255275e-01]
2024-02-05 14:33:21,189 INFO =====> Computing: epoch 0, motion 2, agent rectangle, data 3
2024-02-05 14:33:21,190 INFO ===> New TaichiEnv created.
2024-02-05 14:33:21,190 INFO ===> Specifications: horizon = 94, dt = 0.01, n_substeps = 50, dt_sub = 0.0002
2024-02-05 14:33:57,648 INFO =====> Total loss: 4403.5419921875
2024-02-05 14:33:57,648 INFO =====> Grad: [ 1.7662152e-05 -1.5235871e+01  1.1631698e-02 -9.5815092e-02
 -2.3617062e+02 -5.3281510e-01]
2024-02-05 14:33:58,393 INFO =====> Computing: epoch 0, motion 2, agent round, data 0
2024-02-05 14:33:58,394 INFO ===> New TaichiEnv created.
2024-02-05 14:33:58,394 INFO ===> Specifications: horizon = 94, dt = 0.01, n_substeps = 50, dt_sub = 0.0002
