2024-03-07 09:40:38,971 INFO =====> Optimising param set 1 for 100 epochs for 1 random seeds.
2024-03-07 09:40:38,972 INFO =====> Loss config: {'exponential_distance': False, 'averaging_loss': False, 'point_distance_rs_loss': True, 'point_distance_sr_loss': True, 'down_sample_voxel_size': 0.003, 'particle_distance_rs_loss': False, 'particle_distance_sr_loss': False, 'voxelise_res': 1080, 'ptcl_density': 80000000.0, 'load_height_map': True, 'height_map_loss': False, 'height_map_res': 32, 'height_map_size': 0.11, 'emd_point_distance_loss': False, 'emd_particle_distance_loss': False}
2024-03-07 09:40:38,972 INFO =====> Training config: {'param_set': 1, 'lr_E': 4000.0, 'lr_nu': 0.001, 'lr_yield_stress': 100.0, 'lr_rho': 10, 'lr_manipulator_friction': 0.1, 'lr_ground_friction': 0.05, 'batch_size': 20, 'n_epoch': 100, 'seeds': [0]}
2024-03-07 09:40:38,975 INFO =====> Seed: 0, initial parameters: E=[169155.92], nu=[0.346139], yield_stress=[12452.504], rho=[1544.8832]
2024-03-07 09:40:38,976 INFO =====> Seed: 0, initial parameters: manipulation friction=[0.85307306], ground friction=[1.2953293]
2024-03-07 09:40:39,317 INFO =====> Computing: epoch 0, motion 3, agent rectangle, data 1
2024-03-07 09:40:39,318 INFO ===> New TaichiEnv created.
2024-03-07 09:40:39,318 INFO ===> Specifications: horizon = 152, dt = 0.01, n_substeps = 50, dt_sub = 0.0002
2024-03-07 09:42:27,815 INFO =====> Total loss: 32540.5390625
2024-03-07 09:42:27,815 INFO =====> Grad: [ 3.3880332e-03 -1.0475182e+03  3.0248037e-02 -6.1975366e-01
 -9.4671484e+03  3.9430242e+03]
2024-03-07 09:42:28,379 INFO =====> Computing: epoch 0, motion 3, agent rectangle, data 2
2024-03-07 09:42:28,381 INFO ===> New TaichiEnv created.
2024-03-07 09:42:28,382 INFO ===> Specifications: horizon = 152, dt = 0.01, n_substeps = 50, dt_sub = 0.0002
2024-03-07 09:44:31,167 INFO =====> Total loss: 33454.52734375
2024-03-07 09:44:31,168 INFO =====> Grad: [-1.0241590e-03  1.7586470e+02 -2.2659654e-02  2.9268146e-01
  1.3882780e+03 -3.4910912e+01]
2024-03-07 09:44:31,722 INFO =====> Computing: epoch 0, motion 3, agent round, data 0
2024-03-07 09:44:31,723 INFO ===> New TaichiEnv created.
2024-03-07 09:44:31,724 INFO ===> Specifications: horizon = 152, dt = 0.01, n_substeps = 50, dt_sub = 0.0002
2024-03-07 09:47:53,665 INFO =====> Total loss: 32794.1328125
2024-03-07 09:47:53,665 INFO =====> Grad: [-1.0423202e-02 -1.1281148e+04  2.8027999e-01 -1.1493075e+00
 -5.3056455e+03  2.1145435e+03]
2024-03-07 09:47:54,095 INFO =====> Computing: epoch 0, motion 3, agent round, data 1
2024-03-07 09:47:54,096 INFO ===> New TaichiEnv created.
2024-03-07 09:47:54,096 INFO ===> Specifications: horizon = 152, dt = 0.01, n_substeps = 50, dt_sub = 0.0002
2024-03-07 09:50:48,985 INFO =====> Total loss: 28520.921875
2024-03-07 09:50:48,985 INFO =====> Grad: [-4.1576456e-03 -1.2021168e+04  3.6333168e-01 -2.5803142e+00
 -6.1008091e+03  2.8624375e+03]
2024-03-07 09:50:49,539 INFO =====> Computing: epoch 0, motion 3, agent cylinder, data 0
2024-03-07 09:50:49,540 INFO ===> New TaichiEnv created.
2024-03-07 09:50:49,540 INFO ===> Specifications: horizon = 152, dt = 0.01, n_substeps = 50, dt_sub = 0.0002
2024-03-07 09:53:03,791 INFO =====> Total loss: 35790.1328125
2024-03-07 09:53:03,791 INFO =====> Grad: [ 2.9172990e-03 -6.7924556e+03  1.5846169e-01 -1.6231540e+00
 -6.5521772e+03  8.9283521e+02]
2024-03-07 09:53:04,216 INFO =====> Computing: epoch 0, motion 3, agent cylinder, data 4
2024-03-07 09:53:04,218 INFO ===> New TaichiEnv created.
2024-03-07 09:53:04,218 INFO ===> Specifications: horizon = 152, dt = 0.01, n_substeps = 50, dt_sub = 0.0002
2024-03-07 09:55:14,252 INFO =====> Total loss: 33254.9140625
2024-03-07 09:55:14,253 INFO =====> Grad: [ 1.6224616e-03  4.2869876e+02 -1.3851652e-01  8.9338195e-01
  2.2522839e+03  6.1834568e+01]
2024-03-07 09:55:14,813 INFO =====> Computing: epoch 0, motion 4, agent rectangle, data 1
2024-03-07 09:55:14,815 INFO ===> New TaichiEnv created.
2024-03-07 09:55:14,815 INFO ===> Specifications: horizon = 153, dt = 0.01, n_substeps = 50, dt_sub = 0.0002
2024-03-07 09:56:38,537 INFO =====> Total loss: 26132.98046875
2024-03-07 09:56:38,537 INFO =====> Grad: [ 1.9047022e-02  5.0003428e+03  2.0517574e-01 -3.6882725e+00
  3.2104644e+03 -2.5460735e+03]
2024-03-07 09:56:39,339 INFO =====> Computing: epoch 0, motion 4, agent rectangle, data 3
2024-03-07 09:56:39,341 INFO ===> New TaichiEnv created.
2024-03-07 09:56:39,341 INFO ===> Specifications: horizon = 153, dt = 0.01, n_substeps = 50, dt_sub = 0.0002
2024-03-07 09:58:28,062 INFO =====> Total loss: 30670.6796875
2024-03-07 09:58:28,063 INFO =====> Grad: [-2.1155362e-03 -1.5096654e+03 -1.2020747e-01  1.1939069e+00
 -2.6943354e+03  7.6358276e+02]
2024-03-07 09:58:28,977 INFO =====> Computing: epoch 0, motion 4, agent round, data 1
2024-03-07 09:58:28,979 INFO ===> New TaichiEnv created.
2024-03-07 09:58:28,979 INFO ===> Specifications: horizon = 153, dt = 0.01, n_substeps = 50, dt_sub = 0.0002
2024-03-07 09:59:46,013 INFO =====> Total loss: 26053.8359375
2024-03-07 09:59:46,013 INFO =====> Grad: [ 2.1314162e-03 -1.0263472e+03  1.8160367e-02 -3.7729234e-01
 -2.6520187e+02  4.2091116e+02]
2024-03-07 09:59:46,817 INFO =====> Computing: epoch 0, motion 4, agent round, data 4
2024-03-07 09:59:46,818 INFO ===> New TaichiEnv created.
2024-03-07 09:59:46,818 INFO ===> Specifications: horizon = 153, dt = 0.01, n_substeps = 50, dt_sub = 0.0002
2024-03-07 10:02:02,463 INFO =====> Total loss: 29239.09375
2024-03-07 10:02:02,463 INFO =====> Grad: [-3.5834670e-04  1.9785736e+02 -5.2053064e-02  4.6141052e-01
 -3.4765261e+03  6.4159721e+01]
2024-03-07 10:02:03,371 INFO =====> Computing: epoch 0, motion 4, agent cylinder, data 0
2024-03-07 10:02:03,373 INFO ===> New TaichiEnv created.
2024-03-07 10:02:03,373 INFO ===> Specifications: horizon = 153, dt = 0.01, n_substeps = 50, dt_sub = 0.0002
2024-03-07 10:03:19,491 INFO =====> Total loss: 29395.783203125
2024-03-07 10:03:19,491 INFO =====> Grad: [ 1.0703395e-02  2.8339133e+03 -7.1054570e-02 -5.8747679e-01
 -7.5933722e+02 -2.1536456e+02]
2024-03-07 10:03:20,249 INFO =====> Computing: epoch 0, motion 4, agent cylinder, data 4
2024-03-07 10:03:20,250 INFO ===> New TaichiEnv created.
2024-03-07 10:03:20,250 INFO ===> Specifications: horizon = 153, dt = 0.01, n_substeps = 50, dt_sub = 0.0002
2024-03-07 10:05:00,270 INFO =====> Total loss: 26839.76171875
2024-03-07 10:05:00,271 INFO =====> Grad: [ 1.4568812e-02 -2.8889414e+03  1.2248762e-01 -2.4272506e+00
 -1.6369655e+03  9.7310101e+02]
2024-03-07 10:05:00,272 INFO ========> Avg. Loss: point_distance_sr: 23697.819986979168
2024-03-07 10:05:00,272 INFO ========> Avg. Loss: point_distance_rs: 6692.7887776692705
2024-03-07 10:05:00,272 INFO ========> Avg. Loss: chamfer_loss_pcd: 30390.608561197918
2024-03-07 10:05:00,272 INFO ========> Avg. Loss: particle_distance_sr: 13148.503011067709
2024-03-07 10:05:00,273 INFO ========> Avg. Loss: particle_distance_rs: 15797.431477864584
2024-03-07 10:05:00,273 INFO ========> Avg. Loss: chamfer_loss_particle: 28945.934244791668
2024-03-07 10:05:00,273 INFO ========> Avg. Loss: height_map_loss_pcd: 4210.836995442708
2024-03-07 10:05:00,273 INFO ========> Avg. Loss: emd_point_distance_loss: 8718.991984049479
2024-03-07 10:05:00,273 INFO ========> Avg. Loss: emd_particle_distance_loss: 51936.579752604164
2024-03-07 10:05:00,273 INFO ========> Avg. Loss: total_loss: 30390.608561197918
2024-03-07 10:05:00,273 INFO ========> Avg. grads: [ 3.0249625e-03 -2.3275471e+03  6.4471148e-02 -8.5095340e-01
 -2.4505933e+03  7.7500677e+02]
2024-03-07 10:05:00,273 INFO ========> Num. aborted data so far: 0
2024-03-07 10:05:00,275 INFO =====> Run validation at epoch 0
2024-03-07 10:05:01,212 INFO ===> New TaichiEnv created.
2024-03-07 10:05:01,212 INFO ===> Specifications: horizon = 153, dt = 0.01, n_substeps = 50, dt_sub = 0.0002
2024-03-07 10:08:11,955 INFO =====> Total loss: 35146.640625
2024-03-07 10:08:12,654 INFO ===> New TaichiEnv created.
2024-03-07 10:08:12,654 INFO ===> Specifications: horizon = 153, dt = 0.01, n_substeps = 50, dt_sub = 0.0002
2024-03-07 10:08:56,284 INFO =====> Total loss: 29656.9375
2024-03-07 10:08:57,015 INFO ===> New TaichiEnv created.
2024-03-07 10:08:57,015 INFO ===> Specifications: horizon = 153, dt = 0.01, n_substeps = 50, dt_sub = 0.0002
2024-03-07 10:11:35,495 INFO =====> Total loss: 36369.0078125
2024-03-07 10:11:36,259 INFO ===> New TaichiEnv created.
2024-03-07 10:11:36,259 INFO ===> Specifications: horizon = 153, dt = 0.01, n_substeps = 50, dt_sub = 0.0002
2024-03-07 10:12:58,720 INFO =====> Total loss: 26447.470703125
2024-03-07 10:12:59,554 INFO ===> New TaichiEnv created.
2024-03-07 10:12:59,555 INFO ===> Specifications: horizon = 153, dt = 0.01, n_substeps = 50, dt_sub = 0.0002
2024-03-07 10:14:07,373 INFO =====> Total loss: 30950.875
2024-03-07 10:14:08,105 INFO ===> New TaichiEnv created.
2024-03-07 10:14:08,105 INFO ===> Specifications: horizon = 153, dt = 0.01, n_substeps = 50, dt_sub = 0.0002
2024-03-07 10:15:03,928 INFO =====> Total loss: 30718.509765625
2024-03-07 10:15:03,929 INFO ========> Avg. Validation loss: point_distance_sr: 24985.965169270832
2024-03-07 10:15:03,929 INFO ========> Avg. Validation loss: point_distance_rs: 6562.275390625
2024-03-07 10:15:03,929 INFO ========> Avg. Validation loss: chamfer_loss_pcd: 31548.240234375
2024-03-07 10:15:03,930 INFO ========> Avg. Validation loss: particle_distance_sr: 12670.930013020834
2024-03-07 10:15:03,930 INFO ========> Avg. Validation loss: particle_distance_rs: 15562.729329427084
2024-03-07 10:15:03,930 INFO ========> Avg. Validation loss: chamfer_loss_particle: 28233.658854166668
2024-03-07 10:15:03,930 INFO ========> Avg. Validation loss: height_map_loss_pcd: 3828.6669921875
2024-03-07 10:15:03,930 INFO ========> Avg. Validation loss: emd_point_distance_loss: 8436.624186197916
2024-03-07 10:15:03,930 INFO ========> Avg. Validation loss: emd_particle_distance_loss: 46859.894856770836
2024-03-07 10:15:03,930 INFO ========> Avg. Validation loss: total_loss: 31548.240234375
2024-03-07 10:15:03,930 INFO ========> Num. aborted data so far: 0
2024-03-07 10:15:04,535 INFO =====> Computing: epoch 1, motion 3, agent rectangle, data 1
2024-03-07 10:15:04,537 INFO ===> New TaichiEnv created.
2024-03-07 10:15:04,537 INFO ===> Specifications: horizon = 152, dt = 0.01, n_substeps = 50, dt_sub = 0.0002
2024-03-07 10:16:22,896 INFO =====> Total loss: 31797.92578125
2024-03-07 10:16:22,896 INFO =====> Grad: [ 2.5481028e-03 -6.3406270e+03  1.3791528e-01 -1.3500564e+00
 -5.6956460e+03  4.5621719e+03]
2024-03-07 10:16:23,674 INFO =====> Computing: epoch 1, motion 3, agent rectangle, data 2
2024-03-07 10:16:23,676 INFO ===> New TaichiEnv created.
2024-03-07 10:16:23,676 INFO ===> Specifications: horizon = 152, dt = 0.01, n_substeps = 50, dt_sub = 0.0002
2024-03-07 10:17:56,232 INFO =====> Total loss: 33576.8359375
2024-03-07 10:17:56,232 INFO =====> Grad: [ 7.5080653e-04  6.7061432e+02 -3.4848720e-02  1.9346194e-01
  1.0575078e+03 -6.2868057e+01]
2024-03-07 10:17:57,030 INFO =====> Computing: epoch 1, motion 3, agent round, data 0
2024-03-07 10:17:57,032 INFO ===> New TaichiEnv created.
2024-03-07 10:17:57,032 INFO ===> Specifications: horizon = 152, dt = 0.01, n_substeps = 50, dt_sub = 0.0002
2024-03-07 10:20:47,783 INFO =====> Total loss: 32359.849609375
2024-03-07 10:20:47,783 INFO =====> Grad: [-9.8211216e-03 -1.0553120e+04  2.6801631e-01 -1.0980260e+00
 -3.6897742e+03  2.0313774e+03]
2024-03-07 10:20:48,624 INFO =====> Computing: epoch 1, motion 3, agent round, data 1
2024-03-07 10:20:48,625 INFO ===> New TaichiEnv created.
2024-03-07 10:20:48,625 INFO ===> Specifications: horizon = 152, dt = 0.01, n_substeps = 50, dt_sub = 0.0002
2024-03-07 10:23:08,163 INFO =====> Total loss: 27867.447265625
2024-03-07 10:23:08,163 INFO =====> Grad: [-5.9292712e-03 -1.3501319e+04  4.0671822e-01 -2.6888125e+00
 -6.3082935e+03  3.1514565e+03]
2024-03-07 10:23:08,968 INFO =====> Computing: epoch 1, motion 3, agent cylinder, data 0
2024-03-07 10:23:08,969 INFO ===> New TaichiEnv created.
2024-03-07 10:23:08,969 INFO ===> Specifications: horizon = 152, dt = 0.01, n_substeps = 50, dt_sub = 0.0002
2024-03-07 10:25:20,540 INFO =====> Total loss: 34767.37109375
2024-03-07 10:25:20,540 INFO =====> Grad: [-1.8472007e-03 -4.6346304e+03  2.0669989e-01 -1.3590921e+00
 -5.7686899e+03  1.1973247e+03]
2024-03-07 10:25:21,337 INFO =====> Computing: epoch 1, motion 3, agent cylinder, data 4
2024-03-07 10:25:21,339 INFO ===> New TaichiEnv created.
2024-03-07 10:25:21,339 INFO ===> Specifications: horizon = 152, dt = 0.01, n_substeps = 50, dt_sub = 0.0002
2024-03-07 10:27:02,991 INFO =====> Total loss: 33129.02734375
2024-03-07 10:27:02,991 INFO =====> Grad: [ 1.4361972e-03  4.7803336e+02 -1.5282711e-01  1.0073825e+00
  2.2686289e+03  6.0975109e+01]
2024-03-07 10:27:03,891 INFO =====> Computing: epoch 1, motion 4, agent rectangle, data 1
2024-03-07 10:27:03,892 INFO ===> New TaichiEnv created.
2024-03-07 10:27:03,892 INFO ===> Specifications: horizon = 153, dt = 0.01, n_substeps = 50, dt_sub = 0.0002
2024-03-07 10:28:30,772 INFO =====> Total loss: 26502.837890625
2024-03-07 10:28:30,772 INFO =====> Grad: [ 2.5002049e-02  7.5177212e+03  1.9866687e-01 -4.1790142e+00
  4.0817407e+03 -4.1397065e+03]
2024-03-07 10:28:31,591 INFO =====> Computing: epoch 1, motion 4, agent rectangle, data 3
2024-03-07 10:28:31,593 INFO ===> New TaichiEnv created.
2024-03-07 10:28:31,594 INFO ===> Specifications: horizon = 153, dt = 0.01, n_substeps = 50, dt_sub = 0.0002
2024-03-07 10:29:57,661 INFO =====> Total loss: 30322.341796875
2024-03-07 10:29:57,661 INFO =====> Grad: [ 3.7604396e-04  8.9232292e+00 -9.3306042e-02  7.0457131e-01
 -2.1092034e+03 -1.5991019e+02]
2024-03-07 10:29:58,468 INFO =====> Computing: epoch 1, motion 4, agent round, data 1
2024-03-07 10:29:58,469 INFO ===> New TaichiEnv created.
2024-03-07 10:29:58,469 INFO ===> Specifications: horizon = 153, dt = 0.01, n_substeps = 50, dt_sub = 0.0002
2024-03-07 10:31:15,268 INFO =====> Total loss: 26006.041015625
2024-03-07 10:31:15,268 INFO =====> Grad: [ 1.6979233e-03 -1.1716038e+03  7.4132863e-03 -2.3962896e-01
  8.3860416e+00  3.6228714e+02]
2024-03-07 10:31:16,042 INFO =====> Computing: epoch 1, motion 4, agent round, data 4
2024-03-07 10:31:16,043 INFO ===> New TaichiEnv created.
2024-03-07 10:31:16,043 INFO ===> Specifications: horizon = 153, dt = 0.01, n_substeps = 50, dt_sub = 0.0002
2024-03-07 10:32:57,004 INFO =====> Total loss: 28747.34765625
2024-03-07 10:32:57,004 INFO =====> Grad: [ 1.8041796e-03  3.3557541e+01 -3.3178981e-02  7.1842469e-02
 -4.0793428e+03  9.1765793e+01]
2024-03-07 10:32:57,761 INFO =====> Computing: epoch 1, motion 4, agent cylinder, data 0
2024-03-07 10:32:57,762 INFO ===> New TaichiEnv created.
2024-03-07 10:32:57,762 INFO ===> Specifications: horizon = 153, dt = 0.01, n_substeps = 50, dt_sub = 0.0002
2024-03-07 10:34:12,235 INFO =====> Total loss: 29243.435546875
2024-03-07 10:34:12,236 INFO =====> Grad: [ 9.8012565e-03  8.5580732e+03 -1.8955995e-01  4.7461635e-01
  4.9030015e+03 -5.2063733e+02]
2024-03-07 10:34:13,039 INFO =====> Computing: epoch 1, motion 4, agent cylinder, data 4
2024-03-07 10:34:13,040 INFO ===> New TaichiEnv created.
2024-03-07 10:34:13,040 INFO ===> Specifications: horizon = 153, dt = 0.01, n_substeps = 50, dt_sub = 0.0002
2024-03-07 10:35:20,250 INFO =====> Total loss: 26570.841796875
2024-03-07 10:35:20,251 INFO =====> Grad: [ 1.3232598e-02 -3.0734514e+03  1.2581962e-01 -2.3013601e+00
 -1.2066602e+03  1.2069922e+03]
2024-03-07 10:35:20,252 INFO ========> Avg. Loss: point_distance_sr: 23488.995279947918
2024-03-07 10:35:20,252 INFO ========> Avg. Loss: point_distance_rs: 6585.2797444661455
2024-03-07 10:35:20,252 INFO ========> Avg. Loss: chamfer_loss_pcd: 30074.275227864582
2024-03-07 10:35:20,252 INFO ========> Avg. Loss: particle_distance_sr: 12932.002766927084
2024-03-07 10:35:20,252 INFO ========> Avg. Loss: particle_distance_rs: 15610.235188802084
2024-03-07 10:35:20,252 INFO ========> Avg. Loss: chamfer_loss_particle: 28542.237955729168
2024-03-07 10:35:20,252 INFO ========> Avg. Loss: height_map_loss_pcd: 4045.4224853515625
2024-03-07 10:35:20,252 INFO ========> Avg. Loss: emd_point_distance_loss: 8569.358805338541
2024-03-07 10:35:20,252 INFO ========> Avg. Loss: emd_particle_distance_loss: 50741.684895833336
2024-03-07 10:35:20,252 INFO ========> Avg. Loss: total_loss: 30074.275227864582
2024-03-07 10:35:20,253 INFO ========> Avg. grads: [ 3.2542970e-03 -1.8339855e+03  7.0627384e-02 -8.9700967e-01
 -1.3781953e+03  6.4843579e+02]
2024-03-07 10:35:20,253 INFO ========> Num. aborted data so far: 0
2024-03-07 10:35:20,256 INFO =====> Run validation at epoch 1
2024-03-07 10:35:21,030 INFO ===> New TaichiEnv created.
2024-03-07 10:35:21,030 INFO ===> Specifications: horizon = 153, dt = 0.01, n_substeps = 50, dt_sub = 0.0002
2024-03-07 10:38:29,497 INFO =====> Total loss: 35118.0859375
2024-03-07 10:38:30,330 INFO ===> New TaichiEnv created.
2024-03-07 10:38:30,330 INFO ===> Specifications: horizon = 153, dt = 0.01, n_substeps = 50, dt_sub = 0.0002
2024-03-07 10:39:13,961 INFO =====> Total loss: 29695.2578125
2024-03-07 10:39:14,706 INFO ===> New TaichiEnv created.
2024-03-07 10:39:14,706 INFO ===> Specifications: horizon = 153, dt = 0.01, n_substeps = 50, dt_sub = 0.0002
2024-03-07 10:41:56,035 INFO =====> Total loss: 36313.74609375
2024-03-07 10:41:56,803 INFO ===> New TaichiEnv created.
2024-03-07 10:41:56,803 INFO ===> Specifications: horizon = 153, dt = 0.01, n_substeps = 50, dt_sub = 0.0002
2024-03-07 10:43:21,578 INFO =====> Total loss: 26452.806640625
2024-03-07 10:43:22,328 INFO ===> New TaichiEnv created.
2024-03-07 10:43:22,328 INFO ===> Specifications: horizon = 153, dt = 0.01, n_substeps = 50, dt_sub = 0.0002
2024-03-07 10:44:28,606 INFO =====> Total loss: 30620.16796875
2024-03-07 10:44:29,402 INFO ===> New TaichiEnv created.
2024-03-07 10:44:29,402 INFO ===> Specifications: horizon = 153, dt = 0.01, n_substeps = 50, dt_sub = 0.0002
2024-03-07 10:45:28,323 INFO =====> Total loss: 30409.7734375
2024-03-07 10:45:28,324 INFO ========> Avg. Validation loss: point_distance_sr: 24917.332682291668
2024-03-07 10:45:28,324 INFO ========> Avg. Validation loss: point_distance_rs: 6517.639973958333
2024-03-07 10:45:28,325 INFO ========> Avg. Validation loss: chamfer_loss_pcd: 31434.972981770832
2024-03-07 10:45:28,325 INFO ========> Avg. Validation loss: particle_distance_sr: 12546.426432291666
2024-03-07 10:45:28,325 INFO ========> Avg. Validation loss: particle_distance_rs: 15455.914388020834
2024-03-07 10:45:28,325 INFO ========> Avg. Validation loss: chamfer_loss_particle: 28002.340494791668
2024-03-07 10:45:28,325 INFO ========> Avg. Validation loss: height_map_loss_pcd: 3804.732218424479
2024-03-07 10:45:28,325 INFO ========> Avg. Validation loss: emd_point_distance_loss: 8399.808512369791
2024-03-07 10:45:28,325 INFO ========> Avg. Validation loss: emd_particle_distance_loss: 46562.044596354164
2024-03-07 10:45:28,325 INFO ========> Avg. Validation loss: total_loss: 31434.972981770832
2024-03-07 10:45:28,325 INFO ========> Num. aborted data so far: 0
2024-03-07 10:45:29,234 INFO =====> Computing: epoch 2, motion 3, agent rectangle, data 1
2024-03-07 10:45:29,236 INFO ===> New TaichiEnv created.
2024-03-07 10:45:29,236 INFO ===> Specifications: horizon = 152, dt = 0.01, n_substeps = 50, dt_sub = 0.0002
2024-03-07 10:46:44,744 INFO =====> Total loss: 31120.3828125
2024-03-07 10:46:44,744 INFO =====> Grad: [ 7.2922832e-03 -5.6189014e+03  2.0649697e-01 -2.3294618e+00
 -3.8679573e+03  5.5047529e+03]
2024-03-07 10:46:45,562 INFO =====> Computing: epoch 2, motion 3, agent rectangle, data 2
2024-03-07 10:46:45,563 INFO ===> New TaichiEnv created.
2024-03-07 10:46:45,563 INFO ===> Specifications: horizon = 152, dt = 0.01, n_substeps = 50, dt_sub = 0.0002
2024-03-07 10:48:19,675 INFO =====> Total loss: 33609.85546875
2024-03-07 10:48:19,675 INFO =====> Grad: [ 3.7667712e-03  1.1572780e+03 -5.7635002e-02  6.2386710e-02
  8.5540222e+01 -8.6621582e+01]
2024-03-07 10:48:20,595 INFO =====> Computing: epoch 2, motion 3, agent round, data 0
2024-03-07 10:48:20,597 INFO ===> New TaichiEnv created.
2024-03-07 10:48:20,597 INFO ===> Specifications: horizon = 152, dt = 0.01, n_substeps = 50, dt_sub = 0.0002
2024-03-07 10:51:09,262 INFO =====> Total loss: 32003.72265625
2024-03-07 10:51:09,262 INFO =====> Grad: [-1.0391873e-02 -1.0534067e+04  2.5311348e-01 -9.1127950e-01
 -3.4157278e+03  2.1425571e+03]
2024-03-07 10:51:10,092 INFO =====> Computing: epoch 2, motion 3, agent round, data 1
2024-03-07 10:51:10,093 INFO ===> New TaichiEnv created.
2024-03-07 10:51:10,093 INFO ===> Specifications: horizon = 152, dt = 0.01, n_substeps = 50, dt_sub = 0.0002
2024-03-07 10:53:21,690 INFO =====> Total loss: 27359.4765625
2024-03-07 10:53:21,691 INFO =====> Grad: [-6.9646500e-03 -1.2040733e+04  3.5388470e-01 -2.1775544e+00
 -3.7170779e+03  2.9651838e+03]
2024-03-07 10:53:22,646 INFO =====> Computing: epoch 2, motion 3, agent cylinder, data 0
2024-03-07 10:53:22,652 INFO ===> New TaichiEnv created.
2024-03-07 10:53:22,652 INFO ===> Specifications: horizon = 152, dt = 0.01, n_substeps = 50, dt_sub = 0.0002
2024-03-07 10:55:28,398 INFO =====> Total loss: 34061.609375
2024-03-07 10:55:28,398 INFO =====> Grad: [-7.0220027e-03 -8.9496299e+03  2.4555531e-01 -1.2445467e+00
 -2.5859751e+03  1.0952640e+03]
2024-03-07 10:55:29,198 INFO =====> Computing: epoch 2, motion 3, agent cylinder, data 4
2024-03-07 10:55:29,199 INFO ===> New TaichiEnv created.
2024-03-07 10:55:29,199 INFO ===> Specifications: horizon = 152, dt = 0.01, n_substeps = 50, dt_sub = 0.0002
2024-03-07 10:57:11,100 INFO =====> Total loss: 33024.21484375
2024-03-07 10:57:11,100 INFO =====> Grad: [ 2.2564188e-03  7.2850146e+02 -1.6626497e-01  1.0045030e+00
  2.6163311e+03  4.0247398e+01]
2024-03-07 10:57:12,194 INFO =====> Computing: epoch 2, motion 4, agent rectangle, data 1
2024-03-07 10:57:12,195 INFO ===> New TaichiEnv created.
2024-03-07 10:57:12,195 INFO ===> Specifications: horizon = 153, dt = 0.01, n_substeps = 50, dt_sub = 0.0002
2024-03-07 10:58:38,527 INFO =====> Total loss: 26866.58984375
2024-03-07 10:58:38,527 INFO =====> Grad: [ 2.9454840e-02  9.4224580e+03  1.7549889e-01 -4.3620901e+00
  3.9190269e+03 -5.4512632e+03]
2024-03-07 10:58:39,317 INFO =====> Computing: epoch 2, motion 4, agent rectangle, data 3
2024-03-07 10:58:39,318 INFO ===> New TaichiEnv created.
2024-03-07 10:58:39,318 INFO ===> Specifications: horizon = 153, dt = 0.01, n_substeps = 50, dt_sub = 0.0002
2024-03-07 11:00:11,753 INFO =====> Total loss: 30186.158203125
2024-03-07 11:00:11,753 INFO =====> Grad: [ 4.5912135e-03  2.2371711e+03 -6.1116919e-02  6.9604558e-03
 -1.0028217e+03  2.1483472e+02]
2024-03-07 11:00:12,544 INFO =====> Computing: epoch 2, motion 4, agent round, data 1
2024-03-07 11:00:12,545 INFO ===> New TaichiEnv created.
2024-03-07 11:00:12,545 INFO ===> Specifications: horizon = 153, dt = 0.01, n_substeps = 50, dt_sub = 0.0002
2024-03-07 11:01:31,401 INFO =====> Total loss: 25998.73046875
2024-03-07 11:01:31,401 INFO =====> Grad: [ 1.5187868e-03 -1.2518196e+03  8.9400494e-03 -2.2329070e-01
  1.9039755e+02  3.5132465e+02]
2024-03-07 11:01:32,271 INFO =====> Computing: epoch 2, motion 4, agent round, data 4
2024-03-07 11:01:32,272 INFO ===> New TaichiEnv created.
2024-03-07 11:01:32,272 INFO ===> Specifications: horizon = 153, dt = 0.01, n_substeps = 50, dt_sub = 0.0002
2024-03-07 11:03:11,759 INFO =====> Total loss: 28283.599609375
2024-03-07 11:03:11,759 INFO =====> Grad: [ 8.3422899e-04 -5.5226898e+02 -2.6511168e-02  1.2565178e-01
 -1.9738098e+03  4.2004982e+01]
2024-03-07 11:03:12,585 INFO =====> Computing: epoch 2, motion 4, agent cylinder, data 0
2024-03-07 11:03:12,586 INFO ===> New TaichiEnv created.
2024-03-07 11:03:12,586 INFO ===> Specifications: horizon = 153, dt = 0.01, n_substeps = 50, dt_sub = 0.0002
2024-03-07 11:04:29,823 INFO =====> Total loss: 29226.46484375
2024-03-07 11:04:29,823 INFO =====> Grad: [ 1.1853639e-02  5.2793599e+03 -1.0266689e-01 -4.1599548e-01
  1.1465187e+03  3.2953739e+01]
2024-03-07 11:04:30,626 INFO =====> Computing: epoch 2, motion 4, agent cylinder, data 4
2024-03-07 11:04:30,627 INFO ===> New TaichiEnv created.
2024-03-07 11:04:30,627 INFO ===> Specifications: horizon = 153, dt = 0.01, n_substeps = 50, dt_sub = 0.0002
2024-03-07 11:05:37,546 INFO =====> Total loss: 26314.150390625
2024-03-07 11:05:37,546 INFO =====> Grad: [ 1.0786319e-02 -3.2414829e+03  1.5297374e-01 -2.2302952e+00
 -7.5221948e+02  1.5408936e+03]
2024-03-07 11:05:37,547 INFO ========> Avg. Loss: point_distance_sr: 23343.424479166668
2024-03-07 11:05:37,548 INFO ========> Avg. Loss: point_distance_rs: 6494.4884033203125
2024-03-07 11:05:37,548 INFO ========> Avg. Loss: chamfer_loss_pcd: 29837.912923177082
2024-03-07 11:05:37,548 INFO ========> Avg. Loss: particle_distance_sr: 12720.293782552084
2024-03-07 11:05:37,548 INFO ========> Avg. Loss: particle_distance_rs: 15428.719156901041
2024-03-07 11:05:37,548 INFO ========> Avg. Loss: chamfer_loss_particle: 28149.012858072918
2024-03-07 11:05:37,548 INFO ========> Avg. Loss: height_map_loss_pcd: 3931.950653076172
2024-03-07 11:05:37,548 INFO ========> Avg. Loss: emd_point_distance_loss: 8456.277262369791
2024-03-07 11:05:37,548 INFO ========> Avg. Loss: emd_particle_distance_loss: 49847.2724609375
2024-03-07 11:05:37,548 INFO ========> Avg. Loss: total_loss: 29837.912923177082
2024-03-07 11:05:37,549 INFO ========> Avg. grads: [ 3.9979978e-03 -1.9470116e+03  8.1855685e-02 -1.0579176e+00
 -7.7981451e+02  6.9934424e+02]
2024-03-07 11:05:37,549 INFO ========> Num. aborted data so far: 0
2024-03-07 11:05:37,551 INFO =====> Run validation at epoch 2
2024-03-07 11:05:38,357 INFO ===> New TaichiEnv created.
2024-03-07 11:05:38,357 INFO ===> Specifications: horizon = 153, dt = 0.01, n_substeps = 50, dt_sub = 0.0002
2024-03-07 11:08:47,535 INFO =====> Total loss: 35080.03125
2024-03-07 11:08:48,313 INFO ===> New TaichiEnv created.
2024-03-07 11:08:48,313 INFO ===> Specifications: horizon = 153, dt = 0.01, n_substeps = 50, dt_sub = 0.0002
2024-03-07 11:09:32,383 INFO =====> Total loss: 29717.337890625
2024-03-07 11:09:33,210 INFO ===> New TaichiEnv created.
2024-03-07 11:09:33,210 INFO ===> Specifications: horizon = 153, dt = 0.01, n_substeps = 50, dt_sub = 0.0002
2024-03-07 11:12:13,478 INFO =====> Total loss: 36279.62109375
2024-03-07 11:12:14,242 INFO ===> New TaichiEnv created.
2024-03-07 11:12:14,242 INFO ===> Specifications: horizon = 153, dt = 0.01, n_substeps = 50, dt_sub = 0.0002
2024-03-07 11:13:41,796 INFO =====> Total loss: 26525.21875
2024-03-07 11:13:42,593 INFO ===> New TaichiEnv created.
2024-03-07 11:13:42,593 INFO ===> Specifications: horizon = 153, dt = 0.01, n_substeps = 50, dt_sub = 0.0002
2024-03-07 11:14:46,432 INFO =====> Total loss: 30301.2890625
2024-03-07 11:14:47,265 INFO ===> New TaichiEnv created.
2024-03-07 11:14:47,265 INFO ===> Specifications: horizon = 153, dt = 0.01, n_substeps = 50, dt_sub = 0.0002
2024-03-07 11:15:49,286 INFO =====> Total loss: 30380.361328125
2024-03-07 11:15:49,287 INFO ========> Avg. Validation loss: point_distance_sr: 24892.006184895832
2024-03-07 11:15:49,287 INFO ========> Avg. Validation loss: point_distance_rs: 6488.637532552083
2024-03-07 11:15:49,288 INFO ========> Avg. Validation loss: chamfer_loss_pcd: 31380.643229166668
2024-03-07 11:15:49,288 INFO ========> Avg. Validation loss: particle_distance_sr: 12500.183919270834
2024-03-07 11:15:49,288 INFO ========> Avg. Validation loss: particle_distance_rs: 15396.301432291666
2024-03-07 11:15:49,288 INFO ========> Avg. Validation loss: chamfer_loss_particle: 27896.4853515625
2024-03-07 11:15:49,288 INFO ========> Avg. Validation loss: height_map_loss_pcd: 3761.319539388021
2024-03-07 11:15:49,288 INFO ========> Avg. Validation loss: emd_point_distance_loss: 8375.703287760416
2024-03-07 11:15:49,288 INFO ========> Avg. Validation loss: emd_particle_distance_loss: 46322.172526041664
2024-03-07 11:15:49,288 INFO ========> Avg. Validation loss: total_loss: 31380.643229166668
2024-03-07 11:15:49,288 INFO ========> Num. aborted data so far: 0
2024-03-07 11:15:50,198 INFO =====> Computing: epoch 3, motion 3, agent rectangle, data 1
2024-03-07 11:15:50,200 INFO ===> New TaichiEnv created.
2024-03-07 11:15:50,200 INFO ===> Specifications: horizon = 152, dt = 0.01, n_substeps = 50, dt_sub = 0.0002
2024-03-07 11:17:01,693 INFO =====> Total loss: 30276.0625
2024-03-07 11:17:01,693 INFO =====> Grad: [ 9.7560044e-03 -5.8699473e+03  1.9032687e-01 -2.4138455e+00
 -5.0786719e+03  6.4553643e+03]
2024-03-07 11:17:02,505 INFO =====> Computing: epoch 3, motion 3, agent rectangle, data 2
2024-03-07 11:17:02,506 INFO ===> New TaichiEnv created.
2024-03-07 11:17:02,506 INFO ===> Specifications: horizon = 152, dt = 0.01, n_substeps = 50, dt_sub = 0.0002
2024-03-07 11:18:34,974 INFO =====> Total loss: 33620.46875
2024-03-07 11:18:34,975 INFO =====> Grad: [ 2.3419699e-03  6.9551880e+02 -7.1457028e-02  3.1644875e-01
 -2.1846422e+02 -1.6428310e+02]
2024-03-07 11:18:35,777 INFO =====> Computing: epoch 3, motion 3, agent round, data 0
2024-03-07 11:18:35,778 INFO ===> New TaichiEnv created.
2024-03-07 11:18:35,778 INFO ===> Specifications: horizon = 152, dt = 0.01, n_substeps = 50, dt_sub = 0.0002
2024-03-07 11:21:23,268 INFO =====> Total loss: 31622.4375
2024-03-07 11:21:23,268 INFO =====> Grad: [-1.4681577e-02 -1.2742396e+04  2.5745094e-01 -5.2240330e-01
 -4.3131826e+03  2.8999836e+03]
2024-03-07 11:21:24,061 INFO =====> Computing: epoch 3, motion 3, agent round, data 1
2024-03-07 11:21:24,062 INFO ===> New TaichiEnv created.
2024-03-07 11:21:24,062 INFO ===> Specifications: horizon = 152, dt = 0.01, n_substeps = 50, dt_sub = 0.0002
2024-03-07 11:23:28,816 INFO =====> Total loss: 26928.41796875
2024-03-07 11:23:28,816 INFO =====> Grad: [-5.5307876e-03 -1.2830314e+04  3.2625571e-01 -2.0809114e+00
 -4.7620283e+03  3.0697698e+03]
2024-03-07 11:23:29,635 INFO =====> Computing: epoch 3, motion 3, agent cylinder, data 0
2024-03-07 11:23:29,636 INFO ===> New TaichiEnv created.
2024-03-07 11:23:29,636 INFO ===> Specifications: horizon = 152, dt = 0.01, n_substeps = 50, dt_sub = 0.0002
2024-03-07 11:25:34,012 INFO =====> Total loss: 33662.6328125
2024-03-07 11:25:34,012 INFO =====> Grad: [-5.1347096e-03 -8.6638701e+03  2.2607236e-01 -1.2357835e+00
 -3.1994788e+03  1.1465897e+03]
2024-03-07 11:25:34,850 INFO =====> Computing: epoch 3, motion 3, agent cylinder, data 4
2024-03-07 11:25:34,852 INFO ===> New TaichiEnv created.
2024-03-07 11:25:34,852 INFO ===> Specifications: horizon = 152, dt = 0.01, n_substeps = 50, dt_sub = 0.0002
2024-03-07 11:27:32,157 INFO =====> Total loss: 32999.23828125
2024-03-07 11:27:32,157 INFO =====> Grad: [ 3.6562863e-04 -3.3331097e+02 -1.1407529e-01  7.7117085e-01
  7.3926770e+02  3.1395105e+01]
2024-03-07 11:27:33,078 INFO =====> Computing: epoch 3, motion 4, agent rectangle, data 1
2024-03-07 11:27:33,080 INFO ===> New TaichiEnv created.
2024-03-07 11:27:33,080 INFO ===> Specifications: horizon = 153, dt = 0.01, n_substeps = 50, dt_sub = 0.0002
2024-03-07 11:29:01,266 INFO =====> Total loss: 27262.294921875
2024-03-07 11:29:01,267 INFO =====> Grad: [ 3.3177543e-02  1.2409905e+04  1.6027808e-01 -4.5554881e+00
  3.5139473e+03 -6.6563809e+03]
2024-03-07 11:29:02,088 INFO =====> Computing: epoch 3, motion 4, agent rectangle, data 3
2024-03-07 11:29:02,090 INFO ===> New TaichiEnv created.
2024-03-07 11:29:02,090 INFO ===> Specifications: horizon = 153, dt = 0.01, n_substeps = 50, dt_sub = 0.0002
2024-03-07 11:30:39,558 INFO =====> Total loss: 30133.9375
2024-03-07 11:30:39,558 INFO =====> Grad: [ 1.6192041e-03  3.0224153e+03 -5.5845834e-02  2.7755859e-01
  1.7372188e+02 -3.2024765e+02]
2024-03-07 11:30:40,358 INFO =====> Computing: epoch 3, motion 4, agent round, data 1
2024-03-07 11:30:40,360 INFO ===> New TaichiEnv created.
2024-03-07 11:30:40,360 INFO ===> Specifications: horizon = 153, dt = 0.01, n_substeps = 50, dt_sub = 0.0002
2024-03-07 11:31:59,044 INFO =====> Total loss: 25936.623046875
2024-03-07 11:31:59,045 INFO =====> Grad: [ 1.5241979e-03 -1.2825282e+03  2.1697368e-02 -3.1102306e-01
 -2.9224075e+02  4.3160806e+02]
2024-03-07 11:31:59,868 INFO =====> Computing: epoch 3, motion 4, agent round, data 4
2024-03-07 11:31:59,870 INFO ===> New TaichiEnv created.
2024-03-07 11:31:59,870 INFO ===> Specifications: horizon = 153, dt = 0.01, n_substeps = 50, dt_sub = 0.0002
2024-03-07 11:33:38,452 INFO =====> Total loss: 28037.93359375
2024-03-07 11:33:38,452 INFO =====> Grad: [ 1.6404451e-04 -1.4808259e+03 -1.4637352e-02  9.6896976e-02
  3.0942953e+02  7.5137344e+01]
2024-03-07 11:33:39,253 INFO =====> Computing: epoch 3, motion 4, agent cylinder, data 0
2024-03-07 11:33:39,254 INFO ===> New TaichiEnv created.
2024-03-07 11:33:39,254 INFO ===> Specifications: horizon = 153, dt = 0.01, n_substeps = 50, dt_sub = 0.0002
2024-03-07 11:34:55,972 INFO =====> Total loss: 29101.7890625
2024-03-07 11:34:55,972 INFO =====> Grad: [ 1.6050590e-02  8.2453486e+03 -2.0236434e-01 -7.8472845e-02
  2.9192373e+03 -9.3295795e+02]
2024-03-07 11:34:56,809 INFO =====> Computing: epoch 3, motion 4, agent cylinder, data 4
2024-03-07 11:34:56,811 INFO ===> New TaichiEnv created.
2024-03-07 11:34:56,811 INFO ===> Specifications: horizon = 153, dt = 0.01, n_substeps = 50, dt_sub = 0.0002
2024-03-07 11:36:00,788 INFO =====> Total loss: 26112.23046875
2024-03-07 11:36:00,789 INFO =====> Grad: [ 9.9986577e-03 -2.1225542e+03  1.3489056e-01 -1.9829972e+00
 -3.7348133e+01  1.4789890e+03]
2024-03-07 11:36:00,790 INFO ========> Avg. Loss: point_distance_sr: 23221.852376302082
2024-03-07 11:36:00,790 INFO ========> Avg. Loss: point_distance_rs: 6419.320231119792
2024-03-07 11:36:00,790 INFO ========> Avg. Loss: chamfer_loss_pcd: 29641.172200520832
2024-03-07 11:36:00,790 INFO ========> Avg. Loss: particle_distance_sr: 12515.587890625
2024-03-07 11:36:00,790 INFO ========> Avg. Loss: particle_distance_rs: 15251.391682942709
2024-03-07 11:36:00,790 INFO ========> Avg. Loss: chamfer_loss_particle: 27766.9794921875
2024-03-07 11:36:00,790 INFO ========> Avg. Loss: height_map_loss_pcd: 3880.289347330729
2024-03-07 11:36:00,791 INFO ========> Avg. Loss: emd_point_distance_loss: 8370.658894856771
2024-03-07 11:36:00,791 INFO ========> Avg. Loss: emd_particle_distance_loss: 49145.490234375
2024-03-07 11:36:00,791 INFO ========> Avg. Loss: total_loss: 29641.172200520832
2024-03-07 11:36:00,791 INFO ========> Avg. grads: [ 4.1375640e-03 -1.7460465e+03  7.1549334e-02 -9.7657079e-01
 -8.5381763e+02  6.2624725e+02]
2024-03-07 11:36:00,791 INFO ========> Num. aborted data so far: 0
2024-03-07 11:36:00,794 INFO =====> Run validation at epoch 3
2024-03-07 11:36:01,970 INFO ===> New TaichiEnv created.
2024-03-07 11:36:01,970 INFO ===> Specifications: horizon = 153, dt = 0.01, n_substeps = 50, dt_sub = 0.0002
2024-03-07 11:39:08,302 INFO =====> Total loss: 35037.15625
2024-03-07 11:39:09,079 INFO ===> New TaichiEnv created.
2024-03-07 11:39:09,079 INFO ===> Specifications: horizon = 153, dt = 0.01, n_substeps = 50, dt_sub = 0.0002
2024-03-07 11:39:53,594 INFO =====> Total loss: 29725.140625
2024-03-07 11:39:54,393 INFO ===> New TaichiEnv created.
2024-03-07 11:39:54,393 INFO ===> Specifications: horizon = 153, dt = 0.01, n_substeps = 50, dt_sub = 0.0002
2024-03-07 11:42:35,945 INFO =====> Total loss: 36241.9140625
2024-03-07 11:42:36,747 INFO ===> New TaichiEnv created.
2024-03-07 11:42:36,747 INFO ===> Specifications: horizon = 153, dt = 0.01, n_substeps = 50, dt_sub = 0.0002
2024-03-07 11:44:03,699 INFO =====> Total loss: 26587.783203125
2024-03-07 11:44:04,558 INFO ===> New TaichiEnv created.
2024-03-07 11:44:04,558 INFO ===> Specifications: horizon = 153, dt = 0.01, n_substeps = 50, dt_sub = 0.0002
2024-03-07 11:45:06,931 INFO =====> Total loss: 30019.677734375
2024-03-07 11:45:07,704 INFO ===> New TaichiEnv created.
2024-03-07 11:45:07,704 INFO ===> Specifications: horizon = 153, dt = 0.01, n_substeps = 50, dt_sub = 0.0002
2024-03-07 11:46:14,873 INFO =====> Total loss: 30446.5390625
2024-03-07 11:46:14,874 INFO ========> Avg. Validation loss: point_distance_sr: 24884.871744791668
2024-03-07 11:46:14,874 INFO ========> Avg. Validation loss: point_distance_rs: 6458.163655598958
2024-03-07 11:46:14,874 INFO ========> Avg. Validation loss: chamfer_loss_pcd: 31343.03515625
2024-03-07 11:46:14,874 INFO ========> Avg. Validation loss: particle_distance_sr: 12455.523600260416
2024-03-07 11:46:14,874 INFO ========> Avg. Validation loss: particle_distance_rs: 15337.212727864584
2024-03-07 11:46:14,874 INFO ========> Avg. Validation loss: chamfer_loss_particle: 27792.736002604168
2024-03-07 11:46:14,874 INFO ========> Avg. Validation loss: height_map_loss_pcd: 3738.094523111979
2024-03-07 11:46:14,874 INFO ========> Avg. Validation loss: emd_point_distance_loss: 8343.454508463541
2024-03-07 11:46:14,875 INFO ========> Avg. Validation loss: emd_particle_distance_loss: 46063.932291666664
2024-03-07 11:46:14,875 INFO ========> Avg. Validation loss: total_loss: 31343.03515625
2024-03-07 11:46:14,875 INFO ========> Num. aborted data so far: 0
2024-03-07 11:46:15,806 INFO =====> Computing: epoch 4, motion 3, agent rectangle, data 1
2024-03-07 11:46:15,808 INFO ===> New TaichiEnv created.
2024-03-07 11:46:15,808 INFO ===> Specifications: horizon = 152, dt = 0.01, n_substeps = 50, dt_sub = 0.0002
2024-03-07 11:47:24,568 INFO =====> Total loss: 29387.3203125
2024-03-07 11:47:24,568 INFO =====> Grad: [ 7.7971579e-03 -7.8321211e+03  1.5519096e-01 -1.9310462e+00
 -6.0238770e+03  8.2227529e+03]
2024-03-07 11:47:25,413 INFO =====> Computing: epoch 4, motion 3, agent rectangle, data 2
2024-03-07 11:47:25,415 INFO ===> New TaichiEnv created.
2024-03-07 11:47:25,415 INFO ===> Specifications: horizon = 152, dt = 0.01, n_substeps = 50, dt_sub = 0.0002
2024-03-07 11:48:59,657 INFO =====> Total loss: 33599.9609375
2024-03-07 11:48:59,658 INFO =====> Grad: [ 6.6911238e-03  1.0095034e+03 -1.1122353e-01  1.9851527e-01
 -5.8713928e+02 -2.0194145e+02]
2024-03-07 11:49:00,496 INFO =====> Computing: epoch 4, motion 3, agent round, data 0
2024-03-07 11:49:00,498 INFO ===> New TaichiEnv created.
2024-03-07 11:49:00,498 INFO ===> Specifications: horizon = 152, dt = 0.01, n_substeps = 50, dt_sub = 0.0002
2024-03-07 11:51:45,603 INFO =====> Total loss: 31296.466796875
2024-03-07 11:51:45,604 INFO =====> Grad: [-1.5629368e-02 -1.3339298e+04  1.9048810e-01  6.4749114e-02
 -4.7081099e+03  3.5527380e+03]
2024-03-07 11:51:46,454 INFO =====> Computing: epoch 4, motion 3, agent round, data 1
2024-03-07 11:51:46,455 INFO ===> New TaichiEnv created.
2024-03-07 11:51:46,455 INFO ===> Specifications: horizon = 152, dt = 0.01, n_substeps = 50, dt_sub = 0.0002
2024-03-07 11:54:27,486 INFO =====> Total loss: 26481.6015625
2024-03-07 11:54:27,486 INFO =====> Grad: [-2.7104248e-03 -1.1791695e+04  2.5944722e-01 -1.7484843e+00
 -4.4348965e+03  4.0073625e+03]
2024-03-07 11:54:28,337 INFO =====> Computing: epoch 4, motion 3, agent cylinder, data 0
2024-03-07 11:54:28,338 INFO ===> New TaichiEnv created.
2024-03-07 11:54:28,338 INFO ===> Specifications: horizon = 152, dt = 0.01, n_substeps = 50, dt_sub = 0.0002
2024-03-07 11:56:51,129 INFO =====> Total loss: 33282.9296875
2024-03-07 11:56:51,129 INFO =====> Grad: [-5.0598024e-03 -8.2637383e+03  2.0526567e-01 -1.0752093e+00
 -2.5926929e+03  1.1906230e+03]
2024-03-07 11:56:52,025 INFO =====> Computing: epoch 4, motion 3, agent cylinder, data 4
2024-03-07 11:56:52,026 INFO ===> New TaichiEnv created.
2024-03-07 11:56:52,026 INFO ===> Specifications: horizon = 152, dt = 0.01, n_substeps = 50, dt_sub = 0.0002
2024-03-07 11:58:51,094 INFO =====> Total loss: 32982.08203125
2024-03-07 11:58:51,094 INFO =====> Grad: [-4.08342661e-04 -7.67705933e+02 -1.13078184e-01  8.25557292e-01
  6.51393982e+02  2.27134275e+00]
2024-03-07 11:58:52,007 INFO =====> Computing: epoch 4, motion 4, agent rectangle, data 1
2024-03-07 11:58:52,008 INFO ===> New TaichiEnv created.
2024-03-07 11:58:52,008 INFO ===> Specifications: horizon = 153, dt = 0.01, n_substeps = 50, dt_sub = 0.0002
2024-03-07 12:00:37,030 INFO =====> Total loss: 27738.59375
2024-03-07 12:00:37,030 INFO =====> Grad: [ 2.9728370e-02  9.6406006e+03  1.4811209e-01 -4.0002103e+00
  5.0527715e+03 -6.7323057e+03]
2024-03-07 12:00:37,908 INFO =====> Computing: epoch 4, motion 4, agent rectangle, data 3
2024-03-07 12:00:37,909 INFO ===> New TaichiEnv created.
2024-03-07 12:00:37,910 INFO ===> Specifications: horizon = 153, dt = 0.01, n_substeps = 50, dt_sub = 0.0002
2024-03-07 12:02:37,568 INFO =====> Total loss: 30147.4453125
2024-03-07 12:02:37,568 INFO =====> Grad: [-2.8359201e-03  1.0680126e+03 -5.7400972e-02  7.1236461e-01
 -1.2383846e+02 -1.3618852e+02]
2024-03-07 12:02:38,511 INFO =====> Computing: epoch 4, motion 4, agent round, data 1
2024-03-07 12:02:38,512 INFO ===> New TaichiEnv created.
2024-03-07 12:02:38,512 INFO ===> Specifications: horizon = 153, dt = 0.01, n_substeps = 50, dt_sub = 0.0002
2024-03-07 12:04:11,667 INFO =====> Total loss: 25850.91015625
2024-03-07 12:04:11,668 INFO =====> Grad: [ 1.4085473e-03 -1.5451313e+03  1.3464204e-02 -2.3634742e-01
 -2.9484952e+02  4.5736481e+02]
2024-03-07 12:04:12,693 INFO =====> Computing: epoch 4, motion 4, agent round, data 4
2024-03-07 12:04:12,694 INFO ===> New TaichiEnv created.
2024-03-07 12:04:12,694 INFO ===> Specifications: horizon = 153, dt = 0.01, n_substeps = 50, dt_sub = 0.0002
2024-03-07 12:06:03,587 INFO =====> Total loss: 27902.7890625
2024-03-07 12:06:03,587 INFO =====> Grad: [-2.8798741e-03 -1.9261337e+03 -6.8068467e-03  3.2858133e-01
  8.0443921e+02  8.8135887e+01]
2024-03-07 12:06:04,628 INFO =====> Computing: epoch 4, motion 4, agent cylinder, data 0
2024-03-07 12:06:04,629 INFO ===> New TaichiEnv created.
2024-03-07 12:06:04,629 INFO ===> Specifications: horizon = 153, dt = 0.01, n_substeps = 50, dt_sub = 0.0002
2024-03-07 12:07:54,151 INFO =====> Total loss: 29168.919921875
2024-03-07 12:07:54,151 INFO =====> Grad: [ 2.1110818e-02  1.1565635e+04 -2.9816377e-01  2.0962074e-01
  4.5051963e+03 -2.0060051e+03]
2024-03-07 12:07:55,285 INFO =====> Computing: epoch 4, motion 4, agent cylinder, data 4
2024-03-07 12:07:55,287 INFO ===> New TaichiEnv created.
2024-03-07 12:07:55,287 INFO ===> Specifications: horizon = 153, dt = 0.01, n_substeps = 50, dt_sub = 0.0002
2024-03-07 12:09:09,795 INFO =====> Total loss: 25930.05078125
2024-03-07 12:09:09,796 INFO =====> Grad: [ 9.6077854e-03 -2.2701873e+03  1.3682990e-01 -1.9134905e+00
 -7.3860382e+02  1.4408191e+03]
2024-03-07 12:09:09,797 INFO ========> Avg. Loss: point_distance_sr: 23131.403157552082
2024-03-07 12:09:09,797 INFO ========> Avg. Loss: point_distance_rs: 6349.3529052734375
2024-03-07 12:09:09,797 INFO ========> Avg. Loss: chamfer_loss_pcd: 29480.755859375
2024-03-07 12:09:09,797 INFO ========> Avg. Loss: particle_distance_sr: 12357.779134114584
2024-03-07 12:09:09,797 INFO ========> Avg. Loss: particle_distance_rs: 15093.908447265625
2024-03-07 12:09:09,797 INFO ========> Avg. Loss: chamfer_loss_particle: 27451.687662760418
2024-03-07 12:09:09,797 INFO ========> Avg. Loss: height_map_loss_pcd: 3803.937225341797
2024-03-07 12:09:09,797 INFO ========> Avg. Loss: emd_point_distance_loss: 8295.047932942709
2024-03-07 12:09:09,797 INFO ========> Avg. Loss: emd_particle_distance_loss: 48508.2451171875
2024-03-07 12:09:09,797 INFO ========> Avg. Loss: total_loss: 29480.755859375
2024-03-07 12:09:09,798 INFO ========> Avg. grads: [ 3.9016723e-03 -2.0376886e+03  4.3510411e-02 -7.1378326e-01
 -7.0751709e+02  8.2380231e+02]
2024-03-07 12:09:09,798 INFO ========> Num. aborted data so far: 0
2024-03-07 12:09:09,802 INFO =====> Run validation at epoch 4
2024-03-07 12:09:10,718 INFO ===> New TaichiEnv created.
2024-03-07 12:09:10,718 INFO ===> Specifications: horizon = 153, dt = 0.01, n_substeps = 50, dt_sub = 0.0002
2024-03-07 12:12:46,900 INFO =====> Total loss: 34994.140625
2024-03-07 12:12:47,758 INFO ===> New TaichiEnv created.
2024-03-07 12:12:47,758 INFO ===> Specifications: horizon = 153, dt = 0.01, n_substeps = 50, dt_sub = 0.0002
2024-03-07 12:13:39,238 INFO =====> Total loss: 29739.953125
2024-03-07 12:13:40,045 INFO ===> New TaichiEnv created.
2024-03-07 12:13:40,045 INFO ===> Specifications: horizon = 153, dt = 0.01, n_substeps = 50, dt_sub = 0.0002
2024-03-07 12:17:00,109 INFO =====> Total loss: 36192.15625
2024-03-07 12:17:01,454 INFO ===> New TaichiEnv created.
2024-03-07 12:17:01,454 INFO ===> Specifications: horizon = 153, dt = 0.01, n_substeps = 50, dt_sub = 0.0002
2024-03-07 12:19:59,841 INFO =====> Total loss: 26658.625
2024-03-07 12:20:00,764 INFO ===> New TaichiEnv created.
2024-03-07 12:20:00,765 INFO ===> Specifications: horizon = 153, dt = 0.01, n_substeps = 50, dt_sub = 0.0002
2024-03-07 12:22:26,965 INFO =====> Total loss: 29721.7890625
2024-03-07 12:22:28,077 INFO ===> New TaichiEnv created.
2024-03-07 12:22:28,077 INFO ===> Specifications: horizon = 153, dt = 0.01, n_substeps = 50, dt_sub = 0.0002
2024-03-07 12:23:53,128 INFO =====> Total loss: 30464.533203125
2024-03-07 12:23:53,129 INFO ========> Avg. Validation loss: point_distance_sr: 24869.406901041668
2024-03-07 12:23:53,141 INFO ========> Avg. Validation loss: point_distance_rs: 6425.792643229167
2024-03-07 12:23:53,141 INFO ========> Avg. Validation loss: chamfer_loss_pcd: 31295.199544270832
2024-03-07 12:23:53,141 INFO ========> Avg. Validation loss: particle_distance_sr: 12335.156087239584
2024-03-07 12:23:53,142 INFO ========> Avg. Validation loss: particle_distance_rs: 15210.9267578125
2024-03-07 12:23:53,142 INFO ========> Avg. Validation loss: chamfer_loss_particle: 27546.082356770832
2024-03-07 12:23:53,142 INFO ========> Avg. Validation loss: height_map_loss_pcd: 3702.78564453125
2024-03-07 12:23:53,142 INFO ========> Avg. Validation loss: emd_point_distance_loss: 8304.451741536459
2024-03-07 12:23:53,142 INFO ========> Avg. Validation loss: emd_particle_distance_loss: 45792.714192708336
2024-03-07 12:23:53,142 INFO ========> Avg. Validation loss: total_loss: 31295.199544270832
2024-03-07 12:23:53,142 INFO ========> Num. aborted data so far: 0
2024-03-07 12:24:05,791 INFO =====> Optimising param set 1 for 100 epochs for 1 random seeds.
2024-03-07 12:24:05,791 INFO =====> Loss config: {'exponential_distance': False, 'averaging_loss': False, 'point_distance_rs_loss': True, 'point_distance_sr_loss': True, 'down_sample_voxel_size': 0.003, 'particle_distance_rs_loss': False, 'particle_distance_sr_loss': False, 'voxelise_res': 1080, 'ptcl_density': 80000000.0, 'load_height_map': True, 'height_map_loss': False, 'height_map_res': 32, 'height_map_size': 0.11, 'emd_point_distance_loss': False, 'emd_particle_distance_loss': False}
2024-03-07 12:24:05,791 INFO =====> Training config: {'param_set': 1, 'lr_E': 4000.0, 'lr_nu': 0.001, 'lr_yield_stress': 100.0, 'lr_rho': 10, 'lr_manipulator_friction': 0.1, 'lr_ground_friction': 0.05, 'batch_size': 20, 'n_epoch': 100, 'seeds': [0]}
2024-03-07 12:24:05,793 INFO =====> Seed: 1, initial parameters: E=[130936.38], nu=[0.34855253], yield_stress=[1002.1731], rho=[1302.3325]
2024-03-07 12:24:05,794 INFO =====> Seed: 1, initial parameters: manipulation friction=[0.3020442], ground friction=[0.19375381]
2024-03-07 12:24:06,625 INFO =====> Computing: epoch 0, motion 3, agent rectangle, data 1
2024-03-07 12:24:06,626 INFO ===> New TaichiEnv created.
2024-03-07 12:24:06,626 INFO ===> Specifications: horizon = 152, dt = 0.01, n_substeps = 50, dt_sub = 0.0002
2024-03-07 12:25:29,059 INFO =====> Optimising param set 1 for 100 epochs for 1 random seeds.
2024-03-07 12:25:29,059 INFO =====> Loss config: {'exponential_distance': False, 'averaging_loss': False, 'point_distance_rs_loss': True, 'point_distance_sr_loss': True, 'down_sample_voxel_size': 0.003, 'particle_distance_rs_loss': False, 'particle_distance_sr_loss': False, 'voxelise_res': 1080, 'ptcl_density': 80000000.0, 'load_height_map': True, 'height_map_loss': False, 'height_map_res': 32, 'height_map_size': 0.11, 'emd_point_distance_loss': False, 'emd_particle_distance_loss': False}
2024-03-07 12:25:29,059 INFO =====> Training config: {'param_set': 1, 'lr_E': 4000.0, 'lr_nu': 0.001, 'lr_yield_stress': 100.0, 'lr_rho': 10, 'lr_manipulator_friction': 0.1, 'lr_ground_friction': 0.05, 'batch_size': 20, 'n_epoch': 100, 'seeds': [0]}
2024-03-07 12:25:29,062 INFO =====> Seed: 2, initial parameters: E=[136438.52], nu=[0.02218533], yield_stress=[11443.587], rho=[1435.3224]
2024-03-07 12:25:29,062 INFO =====> Seed: 2, initial parameters: manipulation friction=[0.8465319], ground friction=[0.66736627]
2024-03-07 12:25:29,515 INFO =====> Computing: epoch 0, motion 3, agent rectangle, data 1
2024-03-07 12:25:29,517 INFO ===> New TaichiEnv created.
2024-03-07 12:25:29,517 INFO ===> Specifications: horizon = 152, dt = 0.01, n_substeps = 50, dt_sub = 0.0002
