2024-03-01 14:05:29,462 INFO =====> Optimising param set 0 for 100 epochs for 1 random seeds.
2024-03-01 14:05:29,462 INFO =====> Loss config: {'exponential_distance': False, 'averaging_loss': False, 'point_distance_rs_loss': True, 'point_distance_sr_loss': True, 'down_sample_voxel_size': 0.005, 'particle_distance_rs_loss': False, 'particle_distance_sr_loss': False, 'voxelise_res': 1080, 'ptcl_density': 40000000.0, 'load_height_map': True, 'height_map_loss': False, 'height_map_res': 32, 'height_map_size': 0.11, 'emd_point_distance_loss': False, 'emd_particle_distance_loss': False}
2024-03-01 14:05:29,462 INFO =====> Training config: {'param_set': 0, 'lr_E': 4000.0, 'lr_nu': 0.01, 'lr_yield_stress': 500.0, 'lr_rho': 10, 'lr_manipulator_friction': 0.01, 'lr_ground_friction': 0.01, 'batch_size': 20, 'n_epoch': 100, 'seeds': [0]}
2024-03-01 14:05:29,464 INFO =====> Seed: 0, initial parameters: E=[169155.92], nu=[0.346139], yield_stress=[12452.504], rho=[1544.8832]
2024-03-01 14:05:30,135 INFO =====> Computing: epoch 0, motion 2, agent rectangle, data 1
2024-03-01 14:05:30,136 INFO ===> New TaichiEnv created.
2024-03-01 14:05:30,136 INFO ===> Specifications: horizon = 94, dt = 0.01, n_substeps = 50, dt_sub = 0.0002
2024-03-01 14:06:30,137 INFO =====> Total loss: 9518.9072265625
2024-03-01 14:06:30,138 INFO =====> Grad: [ 2.6255094e-03 -1.5382991e+02 -2.0154454e-02 -1.2545790e-01
 -3.3424487e+02 -2.5158361e-02]
2024-03-01 14:06:30,138 INFO ========> Avg. Loss: point_distance_sr: 8562.5068359375
2024-03-01 14:06:30,139 INFO ========> Avg. Loss: point_distance_rs: 956.400390625
2024-03-01 14:06:30,139 INFO ========> Avg. Loss: chamfer_loss_pcd: 9518.9072265625
2024-03-01 14:06:30,139 INFO ========> Avg. Loss: particle_distance_sr: 2592.86328125
2024-03-01 14:06:30,139 INFO ========> Avg. Loss: particle_distance_rs: 3068.55224609375
2024-03-01 14:06:30,139 INFO ========> Avg. Loss: chamfer_loss_particle: 5661.41552734375
2024-03-01 14:06:30,139 INFO ========> Avg. Loss: height_map_loss_pcd: 1639.439697265625
2024-03-01 14:06:30,139 INFO ========> Avg. Loss: emd_point_distance_loss: 991.7726440429688
2024-03-01 14:06:30,139 INFO ========> Avg. Loss: emd_particle_distance_loss: 7171.24560546875
2024-03-01 14:06:30,139 INFO ========> Avg. Loss: total_loss: 9518.9072265625
2024-03-01 14:06:30,140 INFO ========> Avg. grads: [ 2.6255094e-03 -1.5382991e+02 -2.0154454e-02 -1.2545790e-01
 -3.3424487e+02 -2.5158361e-02]
2024-03-01 14:06:30,140 INFO ========> Num. aborted data so far: 0
2024-03-01 14:06:30,141 INFO =====> Run validation at epoch 0
2024-03-01 14:06:31,054 INFO ===> New TaichiEnv created.
2024-03-01 14:06:31,055 INFO ===> Specifications: horizon = 94, dt = 0.01, n_substeps = 50, dt_sub = 0.0002
